<?xml version="1.0" encoding="UTF-8"?>
<!-- Generated by org.testng.reporters.JUnitReportReporter -->
<testsuite hostname="DESKTOP-653N01I" failures="0" tests="3" name="tests.Register" time="16.528" errors="0" timestamp="2022-02-28T10:13:39 IST" skipped="0">
  <testcase classname="tests.Register" name="registerAccountWithMandatoryFields" time="5.550"/>
  <system-out/>
  <testcase classname="tests.Register" name="registerAccountWithAllFields" time="5.413"/>
  <system-out/>
  <testcase classname="tests.Register" name="registerDuplicateAccount" time="5.565"/>
  <system-out/>
</testsuite> <!-- tests.Register -->
