<?xml version="1.0" encoding="UTF-8"?>
<!-- Generated by org.testng.reporters.JUnitReportReporter -->
<testsuite hostname="DESKTOP-653N01I" failures="0" tests="3" name="tests.RegisterTest" time="41.891" errors="0" timestamp="2022-02-28T12:01:33 IST" skipped="0">
  <testcase classname="tests.RegisterTest" name="registerAccountWithMandatoryFields" time="18.566"/>
  <system-out/>
  <testcase classname="tests.RegisterTest" name="registerAccountWithAllFields" time="13.615"/>
  <system-out/>
  <testcase classname="tests.RegisterTest" name="registerDuplicateAccount" time="9.710"/>
  <system-out/>
</testsuite> <!-- tests.RegisterTest -->
